# JRE version: Java(TM) SE Runtime Environment (18.0.1.1+2) (build 18.0.1.1+2-6)
# Java VM: Java HotSpot(TM) 64-Bit Server VM (18.0.1.1+2-6, mixed mode, sharing, tiered, compressed oops, compressed class ptrs, g1 gc, windows-amd64)
GC Precious Log:
 CardTable entry size: 512
 Card Set container configuration: InlinePtr #cards 5 size 8 Array Of Cards #cards 12 size 40 Howl #buckets 4 coarsen threshold 1843 Howl Bitmap #cards 512 size 80 coarsen threshold 460 Card regions per heap region 1 cards per card region 2048
 CPUs: 8 total, 8 available
 Memory: 7967M
 Large Page Support: Disabled
 NUMA Support: Disabled
 Compressed Oops: Enabled (32-bit)
 Heap Region Size: 1M
 Heap Min Capacity: 8M
 Heap Initial Capacity: 126M
 Heap Max Capacity: 2G
 Pre-touch: Disabled
 Parallel Workers: 8
 Concurrent Workers: 2
 Concurrent Refinement Workers: 8
 Periodic GC: Disabled
Heap:
 garbage-first heap   total 206848K, used 127485K [0x0000000080000000, 0x0000000100000000)
  region size 1024K, 7 young (7168K), 3 survivors (3072K)
 Metaspace       used 90070K, committed 92352K, reserved 552960K
  class space    used 12419K, committed 13568K, reserved 421888K
GC Heap History (20 events):
Event: 86.379 GC heap before
{Heap before GC invocations=40 (full 0):
 garbage-first heap   total 142336K, used 110004K [0x0000000080000000, 0x0000000100000000)
  region size 1024K, 29 young (29696K), 1 survivors (1024K)
 Metaspace       used 79072K, committed 81152K, reserved 552960K
  class space    used 10946K, committed 12032K, reserved 421888K
}
Event: 86.387 GC heap after
{Heap after GC invocations=41 (full 0):
 garbage-first heap   total 142336K, used 86146K [0x0000000080000000, 0x0000000100000000)
  region size 1024K, 4 young (4096K), 4 survivors (4096K)
 Metaspace       used 79072K, committed 81152K, reserved 552960K
  class space    used 10946K, committed 12032K, reserved 421888K
}
Event: 87.794 GC heap before
{Heap before GC invocations=42 (full 0):
 garbage-first heap   total 176128K, used 118914K [0x0000000080000000, 0x0000000100000000)
  region size 1024K, 30 young (30720K), 4 survivors (4096K)
 Metaspace       used 79865K, committed 81984K, reserved 552960K
  class space    used 11093K, committed 12160K, reserved 421888K
}
Event: 87.807 GC heap after
{Heap after GC invocations=43 (full 0):
 garbage-first heap   total 176128K, used 89867K [0x0000000080000000, 0x0000000100000000)
  region size 1024K, 4 young (4096K), 4 survivors (4096K)
 Metaspace       used 79865K, committed 81984K, reserved 552960K
  class space    used 11093K, committed 12160K, reserved 421888K
}
Event: 87.957 GC heap before
{Heap before GC invocations=43 (full 0):
 garbage-first heap   total 176128K, used 93963K [0x0000000080000000, 0x0000000100000000)
  region size 1024K, 8 young (8192K), 4 survivors (4096K)
 Metaspace       used 80159K, committed 82304K, reserved 552960K
  class space    used 11146K, committed 12224K, reserved 421888K
}
Event: 87.965 GC heap after
{Heap after GC invocations=44 (full 0):
 garbage-first heap   total 176128K, used 90458K [0x0000000080000000, 0x0000000100000000)
  region size 1024K, 1 young (1024K), 1 survivors (1024K)
 Metaspace       used 80159K, committed 82304K, reserved 552960K
  class space    used 11146K, committed 12224K, reserved 421888K
}
Event: 93.777 GC heap before
{Heap before GC invocations=44 (full 0):
 garbage-first heap   total 176128K, used 132442K [0x0000000080000000, 0x0000000100000000)
  region size 1024K, 42 young (43008K), 1 survivors (1024K)
 Metaspace       used 84607K, committed 86784K, reserved 552960K
  class space    used 11773K, committed 12864K, reserved 421888K
}
Event: 93.783 GC heap after
{Heap after GC invocations=45 (full 0):
 garbage-first heap   total 176128K, used 93762K [0x0000000080000000, 0x0000000100000000)
  region size 1024K, 4 young (4096K), 4 survivors (4096K)
 Metaspace       used 84607K, committed 86784K, reserved 552960K
  class space    used 11773K, committed 12864K, reserved 421888K
}
Event: 105.347 GC heap before
{Heap before GC invocations=46 (full 0):
 garbage-first heap   total 176128K, used 139842K [0x0000000080000000, 0x0000000100000000)
  region size 1024K, 45 young (46080K), 4 survivors (4096K)
 Metaspace       used 87153K, committed 89344K, reserved 552960K
  class space    used 12103K, committed 13184K, reserved 421888K
}
Event: 105.360 GC heap after
{Heap after GC invocations=47 (full 0):
 garbage-first heap   total 176128K, used 104793K [0x0000000080000000, 0x0000000100000000)
  region size 1024K, 6 young (6144K), 6 survivors (6144K)
 Metaspace       used 87153K, committed 89344K, reserved 552960K
  class space    used 12103K, committed 13184K, reserved 421888K
}
Event: 105.870 GC heap before
{Heap before GC invocations=47 (full 0):
 garbage-first heap   total 176128K, used 106841K [0x0000000080000000, 0x0000000100000000)
  region size 1024K, 8 young (8192K), 6 survivors (6144K)
 Metaspace       used 87300K, committed 89536K, reserved 552960K
  class space    used 12120K, committed 13248K, reserved 421888K
}
Event: 105.878 GC heap after
{Heap after GC invocations=48 (full 0):
 garbage-first heap   total 176128K, used 105890K [0x0000000080000000, 0x0000000100000000)
  region size 1024K, 1 young (1024K), 1 survivors (1024K)
 Metaspace       used 87300K, committed 89536K, reserved 552960K
  class space    used 12120K, committed 13248K, reserved 421888K
}
Event: 109.060 GC heap before
{Heap before GC invocations=48 (full 0):
 garbage-first heap   total 176128K, used 128418K [0x0000000080000000, 0x0000000100000000)
  region size 1024K, 25 young (25600K), 1 survivors (1024K)
 Metaspace       used 87779K, committed 89984K, reserved 552960K
  class space    used 12148K, committed 13248K, reserved 421888K
}
Event: 109.066 GC heap after
{Heap after GC invocations=49 (full 0):
 garbage-first heap   total 176128K, used 108476K [0x0000000080000000, 0x0000000100000000)
  region size 1024K, 4 young (4096K), 4 survivors (4096K)
 Metaspace       used 87779K, committed 89984K, reserved 552960K
  class space    used 12148K, committed 13248K, reserved 421888K
}
Event: 128.498 GC heap before
{Heap before GC invocations=50 (full 0):
 garbage-first heap   total 186368K, used 143292K [0x0000000080000000, 0x0000000100000000)
  region size 1024K, 35 young (35840K), 4 survivors (4096K)
 Metaspace       used 89701K, committed 91968K, reserved 552960K
  class space    used 12387K, committed 13504K, reserved 421888K
}
Event: 128.510 GC heap after
{Heap after GC invocations=51 (full 0):
 garbage-first heap   total 186368K, used 117833K [0x0000000080000000, 0x0000000100000000)
  region size 1024K, 5 young (5120K), 5 survivors (5120K)
 Metaspace       used 89701K, committed 91968K, reserved 552960K
  class space    used 12387K, committed 13504K, reserved 421888K
}
Event: 129.022 GC heap before
{Heap before GC invocations=51 (full 0):
 garbage-first heap   total 186368K, used 121929K [0x0000000080000000, 0x0000000100000000)
  region size 1024K, 9 young (9216K), 5 survivors (5120K)
 Metaspace       used 89933K, committed 92224K, reserved 552960K
  class space    used 12418K, committed 13568K, reserved 421888K
}
Event: 129.030 GC heap after
{Heap after GC invocations=52 (full 0):
 garbage-first heap   total 186368K, used 119047K [0x0000000080000000, 0x0000000100000000)
  region size 1024K, 1 young (1024K), 1 survivors (1024K)
 Metaspace       used 89933K, committed 92224K, reserved 552960K
  class space    used 12418K, committed 13568K, reserved 421888K
}
Event: 135.317 GC heap before
{Heap before GC invocations=52 (full 0):
 garbage-first heap   total 186368K, used 132359K [0x0000000080000000, 0x0000000100000000)
  region size 1024K, 16 young (16384K), 1 survivors (1024K)
 Metaspace       used 90067K, committed 92352K, reserved 552960K
  class space    used 12419K, committed 13568K, reserved 421888K
}
Event: 135.323 GC heap after
{Heap after GC invocations=53 (full 0):
 garbage-first heap   total 186368K, used 121341K [0x0000000080000000, 0x0000000100000000)
  region size 1024K, 3 young (3072K), 3 survivors (3072K)
 Metaspace       used 90067K, committed 92352K, reserved 552960K
  class space    used 12419K, committed 13568K, reserved 421888K
}

